{"D:\\Development\\ws-soat\\correto\\video-processing-challenge\\src\\lambda-upload-video\\src\\index.ts": {"path":"D:\\Development\\ws-soat\\correto\\video-processing-challenge\\src\\lambda-upload-video\\src\\index.ts","statementMap":{"0":{"start":{"line":1,"column":0},"end":{"line":1,"column":85}},"1":{"start":{"line":2,"column":0},"end":{"line":2,"column":61}},"2":{"start":{"line":3,"column":0},"end":{"line":3,"column":47}},"3":{"start":{"line":4,"column":0},"end":{"line":4,"column":66}},"4":{"start":{"line":5,"column":0},"end":{"line":5,"column":31}},"5":{"start":{"line":7,"column":23},"end":{"line":56,"column":1}},"6":{"start":{"line":8,"column":4},"end":{"line":8,"column":33}},"7":{"start":{"line":10,"column":4},"end":{"line":10,"column":45}},"8":{"start":{"line":11,"column":18},"end":{"line":11,"column":59}},"9":{"start":{"line":12,"column":4},"end":{"line":12,"column":32}},"10":{"start":{"line":13,"column":20},"end":{"line":13,"column":57}},"11":{"start":{"line":14,"column":4},"end":{"line":14,"column":36}},"12":{"start":{"line":15,"column":44},"end":{"line":15,"column":60}},"13":{"start":{"line":16,"column":4},"end":{"line":23,"column":5}},"14":{"start":{"line":17,"column":6},"end":{"line":22,"column":8}},"15":{"start":{"line":25,"column":4},"end":{"line":55,"column":5}},"16":{"start":{"line":26,"column":42},"end":{"line":26,"column":64}},"17":{"start":{"line":28,"column":30},"end":{"line":28,"column":50}},"18":{"start":{"line":29,"column":27},"end":{"line":36,"column":8}},"19":{"start":{"line":38,"column":6},"end":{"line":38,"column":56}},"20":{"start":{"line":39,"column":6},"end":{"line":39,"column":29}},"21":{"start":{"line":40,"column":6},"end":{"line":40,"column":47}},"22":{"start":{"line":42,"column":22},"end":{"line":42,"column":103}},"23":{"start":{"line":43,"column":6},"end":{"line":43,"column":27}},"24":{"start":{"line":45,"column":6},"end":{"line":48,"column":8}},"25":{"start":{"line":50,"column":6},"end":{"line":50,"column":36}},"26":{"start":{"line":51,"column":6},"end":{"line":54,"column":8}},"27":{"start":{"line":7,"column":13},"end":{"line":7,"column":23}}},"fnMap":{"0":{"name":"(anonymous_1)","decl":{"start":{"line":7,"column":23},"end":{"line":7,"column":28}},"loc":{"start":{"line":7,"column":44},"end":{"line":56,"column":1}}}},"branchMap":{"0":{"loc":{"start":{"line":16,"column":4},"end":{"line":23,"column":5}},"type":"if","locations":[{"start":{"line":16,"column":4},"end":{"line":23,"column":5}}]}},"s":{"0":1,"1":1,"2":1,"3":1,"4":1,"5":1,"6":3,"7":3,"8":3,"9":3,"10":3,"11":3,"12":3,"13":3,"14":1,"15":2,"16":2,"17":2,"18":2,"19":2,"20":1,"21":1,"22":1,"23":1,"24":1,"25":1,"26":1,"27":1},"f":{"0":3},"b":{"0":[1]}}
,"D:\\Development\\ws-soat\\correto\\video-processing-challenge\\src\\lambda-upload-video\\src\\model.ts": {"path":"D:\\Development\\ws-soat\\correto\\video-processing-challenge\\src\\lambda-upload-video\\src\\model.ts","statementMap":{"0":{"start":{"line":1,"column":0},"end":{"line":1,"column":null}},"1":{"start":{"line":2,"column":4},"end":{"line":2,"column":null}},"2":{"start":{"line":3,"column":4},"end":{"line":3,"column":null}},"3":{"start":{"line":4,"column":4},"end":{"line":4,"column":null}},"4":{"start":{"line":5,"column":4},"end":{"line":5,"column":null}}},"fnMap":{"0":{"name":"(anonymous_0)","decl":{"start":{"line":1,"column":0},"end":{"line":1,"column":12}},"loc":{"start":{"line":1,"column":33},"end":{"line":6,"column":1}}}},"branchMap":{"0":{"loc":{"start":{"line":1,"column":12},"end":{"line":1,"column":null}},"type":"binary-expr","locations":[{"start":{"line":1,"column":12},"end":{"line":1,"column":33}},{"start":{"line":1,"column":33},"end":{"line":1,"column":null}}]}},"s":{"0":1,"1":1,"2":1,"3":1,"4":1},"f":{"0":1},"b":{"0":[1,1]}}
}
