TN:
SF:src\index.ts
FN:7,(anonymous_1)
FNF:1
FNH:1
FNDA:3,(anonymous_1)
DA:1,1
DA:2,1
DA:3,1
DA:4,1
DA:5,1
DA:7,1
DA:8,3
DA:10,3
DA:11,3
DA:12,3
DA:13,3
DA:14,3
DA:15,3
DA:16,3
DA:17,1
DA:25,2
DA:26,2
DA:28,2
DA:29,2
DA:38,2
DA:39,1
DA:40,1
DA:42,1
DA:43,1
DA:45,1
DA:50,1
DA:51,1
LF:27
LH:27
BRDA:16,0,0,1
BRF:1
BRH:1
end_of_record
TN:
SF:src\model.ts
FN:1,(anonymous_0)
FNF:1
FNH:1
FNDA:1,(anonymous_0)
DA:1,1
DA:2,1
DA:3,1
DA:4,1
DA:5,1
LF:5
LH:5
BRDA:1,0,0,1
BRDA:1,0,1,1
BRF:2
BRH:2
end_of_record
